kotlin version: 2.0.21
error message: java.lang.OutOfMemoryError: GC overhead limit exceeded
	at org.jetbrains.kotlin.com.intellij.lang.impl.MarkerPool.allocateStartMarker(MarkerPool.java:37)
	at org.jetbrains.kotlin.com.intellij.lang.impl.PsiBuilderImpl.createMarker(PsiBuilderImpl.java:831)
	at org.jetbrains.kotlin.com.intellij.lang.impl.PsiBuilderImpl.mark(PsiBuilderImpl.java:825)
	at org.jetbrains.kotlin.com.intellij.lang.impl.PsiBuilderAdapter.mark(PsiBuilderAdapter.java:92)
	at org.jetbrains.kotlin.parsing.AbstractKotlinParsing.mark(AbstractKotlinParsing.java:79)
	at org.jetbrains.kotlin.parsing.KotlinExpressionParsing.parseAnnotatedLambda(KotlinExpressionParsing.java:581)
	at org.jetbrains.kotlin.parsing.KotlinExpressionParsing.parseCallWithClosure(KotlinExpressionParsing.java:561)
	at org.jetbrains.kotlin.parsing.KotlinExpressionParsing.parseCallSuffix(KotlinExpressionParsing.java:506)
	at org.jetbrains.kotlin.parsing.KotlinExpressionParsing.parsePostfixExpression(KotlinExpressionParsing.java:466)
	at org.jetbrains.kotlin.parsing.KotlinExpressionParsing.parsePrefixExpression(KotlinExpressionParsing.java:383)
	at org.jetbrains.kotlin.parsing.KotlinExpressionParsing.access$200(KotlinExpressionParsing.java:44)
	at org.jetbrains.kotlin.parsing.KotlinExpressionParsing$Precedence$2.parseHigherPrecedence(KotlinExpressionParsing.java:177)
	at org.jetbrains.kotlin.parsing.KotlinExpressionParsing.parseBinaryExpression(KotlinExpressionParsing.java:328)
	at org.jetbrains.kotlin.parsing.KotlinExpressionParsing.access$300(KotlinExpressionParsing.java:44)
	at org.jetbrains.kotlin.parsing.KotlinExpressionParsing$Precedence.parseHigherPrecedence(KotlinExpressionParsing.java:222)
	at org.jetbrains.kotlin.parsing.KotlinExpressionParsing.parseBinaryExpression(KotlinExpressionParsing.java:328)
	at org.jetbrains.kotlin.parsing.KotlinExpressionParsing.access$300(KotlinExpressionParsing.java:44)
	at org.jetbrains.kotlin.parsing.KotlinExpressionParsing$Precedence.parseHigherPrecedence(KotlinExpressionParsing.java:222)
	at org.jetbrains.kotlin.parsing.KotlinExpressionParsing.parseBinaryExpression(KotlinExpressionParsing.java:328)
	at org.jetbrains.kotlin.parsing.KotlinExpressionParsing.access$300(KotlinExpressionParsing.java:44)
	at org.jetbrains.kotlin.parsing.KotlinExpressionParsing$Precedence.parseHigherPrecedence(KotlinExpressionParsing.java:222)
	at org.jetbrains.kotlin.parsing.KotlinExpressionParsing.parseBinaryExpression(KotlinExpressionParsing.java:328)
	at org.jetbrains.kotlin.parsing.KotlinExpressionParsing.access$300(KotlinExpressionParsing.java:44)
	at org.jetbrains.kotlin.parsing.KotlinExpressionParsing$Precedence.parseHigherPrecedence(KotlinExpressionParsing.java:222)
	at org.jetbrains.kotlin.parsing.KotlinExpressionParsing.parseBinaryExpression(KotlinExpressionParsing.java:328)
	at org.jetbrains.kotlin.parsing.KotlinExpressionParsing.access$300(KotlinExpressionParsing.java:44)
	at org.jetbrains.kotlin.parsing.KotlinExpressionParsing$Precedence.parseHigherPrecedence(KotlinExpressionParsing.java:222)
	at org.jetbrains.kotlin.parsing.KotlinExpressionParsing.parseBinaryExpression(KotlinExpressionParsing.java:328)
	at org.jetbrains.kotlin.parsing.KotlinExpressionParsing.access$300(KotlinExpressionParsing.java:44)
	at org.jetbrains.kotlin.parsing.KotlinExpressionParsing$Precedence.parseHigherPrecedence(KotlinExpressionParsing.java:222)
	at org.jetbrains.kotlin.parsing.KotlinExpressionParsing.parseBinaryExpression(KotlinExpressionParsing.java:328)
	at org.jetbrains.kotlin.parsing.KotlinExpressionParsing.access$300(KotlinExpressionParsing.java:44)


